2026-04-20 09:48:45 [INFO] POX controller started
2026-04-20 09:49:20 [INFO] Switch connected: 00-00-00-00-00-01
2026-04-20 09:51:25 [INFO] Port change on 00-00-00-00-00-01:1 reason=DELETE state=UP
2026-04-20 09:51:25 [INFO] Port change on 00-00-00-00-00-01:2 reason=DELETE state=UP
2026-04-20 09:51:25 [INFO] Port change on 00-00-00-00-00-01:3 reason=DELETE state=UP
2026-04-20 09:51:25 [ALERT] Switch disconnected: 00-00-00-00-00-01
2026-04-20 09:57:45 [INFO] POX controller started
2026-04-20 09:57:47 [INFO] Switch connected: 00-00-00-00-00-01
2026-04-20 10:04:31 [ALERT] Port change on 00-00-00-00-00-01:2 reason=MODIFY state=DOWN
2026-04-20 10:04:41 [ALERT] Port change on 00-00-00-00-00-01:2 reason=MODIFY state=DOWN
2026-04-20 10:04:41 [INFO] Port change on 00-00-00-00-00-01:2 reason=MODIFY state=UP
2026-04-20 10:04:49 [ALERT] Port change on 00-00-00-00-00-01:3 reason=MODIFY state=DOWN
2026-04-20 10:05:03 [ALERT] Port change on 00-00-00-00-00-01:3 reason=MODIFY state=DOWN
2026-04-20 10:05:04 [INFO] Port change on 00-00-00-00-00-01:3 reason=MODIFY state=UP
2026-04-20 10:07:11 [INFO] Port change on 00-00-00-00-00-01:1 reason=DELETE state=UP
2026-04-20 10:07:11 [INFO] Port change on 00-00-00-00-00-01:2 reason=DELETE state=UP
2026-04-20 10:07:12 [INFO] Port change on 00-00-00-00-00-01:3 reason=DELETE state=UP
2026-04-20 10:07:12 [ALERT] Switch disconnected: 00-00-00-00-00-01
2026-04-20 10:11:37 [INFO] POX controller started
2026-04-20 10:11:39 [INFO] Switch connected: 00-00-00-00-00-01
